<?xml version="1.0" encoding="UTF-8"?>
<testsuite name="com.jcpenney.dcp.controller.DynamicConfigControllerTest" tests="8" skipped="0" failures="0" errors="0" timestamp="2018-09-07T04:01:15" hostname="JCPSI5SH3" time="2.047">
  <properties/>
  <testcase name="testGetConfigForMasterNodeBestCoupon" classname="com.jcpenney.dcp.controller.DynamicConfigControllerTest" time="1.973"/>
  <testcase name="testGetConfigForSlaveNode" classname="com.jcpenney.dcp.controller.DynamicConfigControllerTest" time="0.009"/>
  <testcase name="testUpdateConfigForMasterNode" classname="com.jcpenney.dcp.controller.DynamicConfigControllerTest" time="0.026"/>
  <testcase name="testGetConfigForMasterNodeOrderService" classname="com.jcpenney.dcp.controller.DynamicConfigControllerTest" time="0.007"/>
  <testcase name="testUpdateLogConfigForSlaveNode" classname="com.jcpenney.dcp.controller.DynamicConfigControllerTest" time="0.002"/>
  <testcase name="testUpdateConfigForSlaveNode" classname="com.jcpenney.dcp.controller.DynamicConfigControllerTest" time="0.001"/>
  <testcase name="testUpdateLogConfigForMasterNode" classname="com.jcpenney.dcp.controller.DynamicConfigControllerTest" time="0.009"/>
  <testcase name="testGetConfigForMasterNodeForOtherThanOrderAndBestCouponService" classname="com.jcpenney.dcp.controller.DynamicConfigControllerTest" time="0.01"/>
  <system-out><![CDATA[09:31:15.815 [Test worker] INFO com.jcpenney.dcp.controller.DynamicConfigController - op=getConfig, status=OK, Client=ops, ipAddress=null, serviceId=best-coupon-service-v1, desc=Getting all configs
09:31:17.647 [Test worker] INFO com.jcpenney.dcp.controller.DynamicConfigController - op=updateConfig, status=OK, Client=ops, ipAddress=null, serviceId=order-service-v1, desc=abc:xyz
09:31:17.677 [Test worker] INFO com.jcpenney.dcp.controller.DynamicConfigController - op=getConfig, status=OK, Client=ops, ipAddress=null, serviceId=order-service-v1, desc=Getting all configs
09:31:17.689 [Test worker] INFO com.jcpenney.dcp.controller.DynamicConfigController - op=updateLog, status=OK, Client=ops, ipAddress=null, serviceId=order-service-v1, desc=abc:xyz
09:31:17.701 [Test worker] INFO com.jcpenney.dcp.controller.DynamicConfigController - op=getConfig, status=OK, Client=ops, ipAddress=null, serviceId=bag-service-v1, desc=Getting all configs
]]></system-out>
  <system-err><![CDATA[]]></system-err>
</testsuite>
